\BOOKMARK [1][-]{Cuprins.1}{Cuprins}{}% 1
\BOOKMARK [0][-]{chapter*.1}{Introducere}{}% 2
\BOOKMARK [0][-]{chapter.1}{Notiuni introductive}{}% 3
\BOOKMARK [1][-]{section.1.1}{Graf}{chapter.1}% 4
\BOOKMARK [1][-]{section.1.2}{Reprezentarea unui graf}{chapter.1}% 5
\BOOKMARK [1][-]{section.1.3}{Gradul unui nod}{chapter.1}% 6
\BOOKMARK [1][-]{section.1.4}{Drumuri si cicluri}{chapter.1}% 7
\BOOKMARK [1][-]{section.1.5}{Conexitate}{chapter.1}% 8
\BOOKMARK [0][-]{chapter.2}{Drumuri minime de sursa unica}{}% 9
\BOOKMARK [1][-]{section.2.1}{Reprezentarea drumurilor minime}{chapter.2}% 10
\BOOKMARK [1][-]{section.2.2}{Relaxare}{chapter.2}% 11
\BOOKMARK [1][-]{section.2.3}{Algoritmul Dijkstra}{chapter.2}% 12
\BOOKMARK [2][-]{subsection.2.3.1}{Descrierea algoritmului}{section.2.3}% 13
\BOOKMARK [2][-]{subsection.2.3.2}{Implementare}{section.2.3}% 14
\BOOKMARK [0][-]{chapter.3}{Drumuri minime \356ntre toate perechile de v\342rfuri}{}% 15
\BOOKMARK [1][-]{section.3.1}{Drumuri minime }{chapter.3}% 16
\BOOKMARK [1][-]{section.3.2}{Algoritmul Floyd-Warshall}{chapter.3}% 17
\BOOKMARK [2][-]{subsection.3.2.1}{Descrierea algoritmului}{section.3.2}% 18
\BOOKMARK [2][-]{subsection.3.2.2}{Implementare}{section.3.2}% 19
\BOOKMARK [0][-]{chapter.4}{Flux maxim}{}% 20
\BOOKMARK [1][-]{section.4.1}{Fluxuri si retele de transport}{chapter.4}% 21
\BOOKMARK [1][-]{section.4.2}{Metoda lui Ford-Fulkerson}{chapter.4}% 22
\BOOKMARK [2][-]{subsection.4.2.1}{Implementare}{section.4.2}% 23
\BOOKMARK [0][-]{chapter.5}{Aplicatie}{}% 24
\BOOKMARK [0][-]{chapter*.3}{Bibliografie}{}% 25
